<?xml version="1.0" encoding="UTF-8"?>
<testng-results skipped="0" failed="0" ignored="0" total="1" passed="1">
  <reporter-output>
  </reporter-output>
  <suite name="Default suite" duration-ms="71" started-at="2022-01-26T13:12:51 IST" finished-at="2022-01-26T13:12:51 IST">
    <groups>
    </groups>
    <test name="Default test" duration-ms="71" started-at="2022-01-26T13:12:51 IST" finished-at="2022-01-26T13:12:51 IST">
      <class name="maven.test1">
        <test-method status="PASS" signature="game()[pri:0, instance:maven.test1@7113b13f]" name="game" duration-ms="11" started-at="2022-01-26T13:12:51 IST" finished-at="2022-01-26T13:12:51 IST">
          <reporter-output>
          </reporter-output>
        </test-method> <!-- game -->
      </class> <!-- maven.test1 -->
    </test> <!-- Default test -->
  </suite> <!-- Default suite -->
</testng-results>
